<?xml version="1.0" encoding="UTF-8"?>
<!-- Generated by org.testng.reporters.JUnitReportReporter -->
<testsuite skipped="0" hostname="DESKTOP-2TNHHV5" name="test.AllTests" tests="1" failures="0" timestamp="2022-02-14T11:13:02 CST" time="24.083" errors="0">
  <testcase name="validUserShouldBeAbleToAddDuplicateCategory" time="24.083" classname="test.AllTests"/>
  <system-out/>
</testsuite> <!-- test.AllTests -->
